#
# A fatal error has been detected by the Java Runtime Environment:
#
#  Internal Error (javaClasses.cpp:136), pid=15809, tid=3059137344
#  fatal error: Invalid layout of preloaded class
#
# JRE version:  (7.0_51) (build )
# Java VM: OpenJDK Server VM (24.45-b08 mixed mode linux-x86 )
# Failed to write core dump. Core dumps have been disabled. To enable core dumping, try "ulimit -c unlimited" before starting Java again
#
# If you would like to submit a bug report, please include
# instructions on how to reproduce the bug and visit:
#   http://icedtea.classpath.org/bugzilla
#

---------------  T H R E A D  ---------------

Current thread (0xb6407800):  JavaThread "Unknown thread" [_thread_in_vm, id=15814, stack(0xb651b000,0xb656c000)]

Stack: [0xb651b000,0xb656c000]
[error occurred during error reporting (printing stack bounds), id 0xb]


[error occurred during error reporting (printing native stack), id 0xb]


---------------  P R O C E S S  ---------------

Java Threads: ( => current thread )

Other Threads:

=>0xb6407800 (exited) JavaThread "Unknown thread" [_thread_in_vm, id=15814, stack(0xb651b000,0xb656c000)]

VM state:not at safepoint (not fully initialized)

VM Mutex/Monitor currently owned by a thread: None

GC Heap History (0 events):
No events

Deoptimization events (0 events):
No events

Internal exceptions (0 events):
No events

Events (10 events):
Event: 0.711 loading class 0x8ae24670 done
Event: 0.711 loading class 0x8ae24100 done
Event: 0.711 loading class 0x8ae240e0
Event: 0.742 loading class 0x8ae2b370
Event: 0.742 loading class 0x8ae2b370 done
Event: 0.742 loading class 0x8ae2b3a0
Event: 0.742 loading class 0x8ae2b3a0 done
Event: 0.742 loading class 0x8ae2b3d0
Event: 0.742 loading class 0x8ae2b3d0 done
Event: 0.742 loading class 0x8ae240e0 done


Dynamic libraries:
08048000-08049000 r-xp 00000000 08:08 1316644    /usr/lib/jvm/java-7-openjdk-i386/jre/bin/java
08049000-0804a000 r--p 00000000 08:08 1316644    /usr/lib/jvm/java-7-openjdk-i386/jre/bin/java
0804a000-0804b000 rw-p 00001000 08:08 1316644    /usr/lib/jvm/java-7-openjdk-i386/jre/bin/java
09d0f000-09d30000 rw-p 00000000 00:00 0          [heap]
891a9000-89280000 r--s 013fe000 08:08 184184     /home/line/android-adt/sdk/platforms/android-19/android.jar
89280000-8a900000 rw-p 00000000 00:00 0 
8a900000-8a921000 rw-p 00000000 00:00 0 
8a921000-8aa00000 ---p 00000000 00:00 0 
8aa7f000-8aa80000 ---p 00000000 00:00 0 
8aa80000-8ab00000 rw-p 00000000 00:00 0          [stack:15818]
8ab00000-8ab21000 rw-p 00000000 00:00 0 
8ab21000-8ac00000 ---p 00000000 00:00 0 
8ac58000-8ac7f000 rw-p 00000000 00:00 0 
8ac7f000-8ac80000 ---p 00000000 00:00 0 
8ac80000-8ad00000 rw-p 00000000 00:00 0          [stack:15817]
8ad00000-8ad21000 rw-p 00000000 00:00 0 
8ad21000-8ae00000 ---p 00000000 00:00 0 
8ae24000-8ae7f000 rw-p 00000000 00:00 0 
8ae7f000-8ae80000 ---p 00000000 00:00 0 
8ae80000-8af00000 rw-p 00000000 00:00 0          [stack:15816]
8af00000-8af21000 rw-p 00000000 00:00 0 
8af21000-8b000000 ---p 00000000 00:00 0 
8b013000-8b014000 ---p 00000000 00:00 0 
8b014000-8b09c000 rw-p 00000000 00:00 0          [stack:15815]
8b09c000-8b0d4000 rw-p 00000000 00:00 0 
8b0d4000-8b0de000 rw-p 00000000 00:00 0 
8b0de000-8b17f000 rw-p 00000000 00:00 0 
8b17f000-8b187000 rw-p 00000000 00:00 0 
8b187000-8b1bf000 rw-p 00000000 00:00 0 
8b1bf000-8b1c9000 rw-p 00000000 00:00 0 
8b1c9000-8b269000 rw-p 00000000 00:00 0 
8b269000-8b26f000 rw-p 00000000 00:00 0 
8b26f000-8b2bf000 rw-p 00000000 00:00 0 
8b2bf000-8c2c0000 rw-p 00000000 00:00 0 
8c2c0000-932c0000 rw-p 00000000 00:00 0 
932c0000-94680000 rw-p 00000000 00:00 0 
94680000-a8800000 rw-p 00000000 00:00 0 
a8800000-a9200000 rw-p 00000000 00:00 0 
a9200000-b32c0000 rw-p 00000000 00:00 0 
b32cc000-b32d5000 rw-p 00000000 00:00 0 
b32d5000-b338c000 rw-p 00000000 00:00 0 
b338c000-b35cc000 rwxp 00000000 00:00 0 
b35cc000-b638c000 rw-p 00000000 00:00 0 
b638c000-b6397000 r-xp 00000000 08:08 922537     /lib/i386-linux-gnu/libnss_files-2.17.so
b6397000-b6398000 r--p 0000a000 08:08 922537     /lib/i386-linux-gnu/libnss_files-2.17.so
b6398000-b6399000 rw-p 0000b000 08:08 922537     /lib/i386-linux-gnu/libnss_files-2.17.so
b6399000-b63a3000 r-xp 00000000 08:08 922574     /lib/i386-linux-gnu/libnss_nis-2.17.so
b63a3000-b63a4000 r--p 00009000 08:08 922574     /lib/i386-linux-gnu/libnss_nis-2.17.so
b63a4000-b63a5000 rw-p 0000a000 08:08 922574     /lib/i386-linux-gnu/libnss_nis-2.17.so
b63a5000-b63ba000 r-xp 00000000 08:08 922450     /lib/i386-linux-gnu/libnsl-2.17.so
b63ba000-b63bb000 r--p 00014000 08:08 922450     /lib/i386-linux-gnu/libnsl-2.17.so
b63bb000-b63bc000 rw-p 00015000 08:08 922450     /lib/i386-linux-gnu/libnsl-2.17.so
b63bc000-b63cd000 rw-p 00000000 00:00 0 
b63cd000-b63d5000 r-xp 00000000 08:08 1581806    /usr/lib/jvm/java-7-openjdk-i386/jre/lib/i386/libzip.so
b63d5000-b63d6000 r--p 00007000 08:08 1581806    /usr/lib/jvm/java-7-openjdk-i386/jre/lib/i386/libzip.so
b63d6000-b63d7000 rw-p 00008000 08:08 1581806    /usr/lib/jvm/java-7-openjdk-i386/jre/lib/i386/libzip.so
b63d7000-b63fe000 r-xp 00000000 08:08 1579383    /usr/lib/jvm/java-7-openjdk-i386/jre/lib/i386/libjava.so
b63fe000-b63ff000 r--p 00026000 08:08 1579383    /usr/lib/jvm/java-7-openjdk-i386/jre/lib/i386/libjava.so
b63ff000-b6400000 rw-p 00027000 08:08 1579383    /usr/lib/jvm/java-7-openjdk-i386/jre/lib/i386/libjava.so
b6400000-b6457000 rw-p 00000000 00:00 0 
b6457000-b6500000 ---p 00000000 00:00 0 
b6509000-b6510000 r-xp 00000000 08:08 922564     /lib/i386-linux-gnu/libnss_compat-2.17.so
b6510000-b6511000 r--p 00006000 08:08 922564     /lib/i386-linux-gnu/libnss_compat-2.17.so
b6511000-b6512000 rw-p 00007000 08:08 922564     /lib/i386-linux-gnu/libnss_compat-2.17.so
b6512000-b6519000 r-xp 00000000 08:08 922573     /lib/i386-linux-gnu/librt-2.17.so
b6519000-b651a000 r--p 00006000 08:08 922573     /lib/i386-linux-gnu/librt-2.17.so
b651a000-b651b000 rw-p 00007000 08:08 922573     /lib/i386-linux-gnu/librt-2.17.so
b651b000-b651e000 ---p 00000000 00:00 0 
b651e000-b656c000 rw-p 00000000 00:00 0          [stack:15814]
b656c000-b6587000 r-xp 00000000 08:08 921196     /lib/i386-linux-gnu/libgcc_s.so.1
b6587000-b6588000 r--p 0001a000 08:08 921196     /lib/i386-linux-gnu/libgcc_s.so.1
b6588000-b6589000 rw-p 0001b000 08:08 921196     /lib/i386-linux-gnu/libgcc_s.so.1
b6589000-b65ca000 r-xp 00000000 08:08 922570     /lib/i386-linux-gnu/libm-2.17.so
b65ca000-b65cb000 r--p 00040000 08:08 922570     /lib/i386-linux-gnu/libm-2.17.so
b65cb000-b65cc000 rw-p 00041000 08:08 922570     /lib/i386-linux-gnu/libm-2.17.so
b65cc000-b66a8000 r-xp 00000000 08:08 1185562    /usr/lib/i386-linux-gnu/libstdc++.so.6.0.17
b66a8000-b66a9000 ---p 000dc000 08:08 1185562    /usr/lib/i386-linux-gnu/libstdc++.so.6.0.17
b66a9000-b66ad000 r--p 000dc000 08:08 1185562    /usr/lib/i386-linux-gnu/libstdc++.so.6.0.17
b66ad000-b66ae000 rw-p 000e0000 08:08 1185562    /usr/lib/i386-linux-gnu/libstdc++.so.6.0.17
b66ae000-b66b5000 rw-p 00000000 00:00 0 
b66b5000-b705a000 r-xp 00000000 08:08 1581816    /usr/lib/jvm/java-7-openjdk-i386/jre/lib/i386/server/libjvm.so
b705a000-b705b000 ---p 009a5000 08:08 1581816    /usr/lib/jvm/java-7-openjdk-i386/jre/lib/i386/server/libjvm.so
b705b000-b70b0000 r--p 009a5000 08:08 1581816    /usr/lib/jvm/java-7-openjdk-i386/jre/lib/i386/server/libjvm.so
b70b0000-b70c4000 rw-p 009fa000 08:08 1581816    /usr/lib/jvm/java-7-openjdk-i386/jre/lib/i386/server/libjvm.so
b70c4000-b74e2000 rw-p 00000000 00:00 0 
b74e2000-b74f9000 r-xp 00000000 08:08 921324     /lib/i386-linux-gnu/libz.so.1.2.7
b74f9000-b74fa000 r--p 00016000 08:08 921324     /lib/i386-linux-gnu/libz.so.1.2.7
b74fa000-b74fb000 rw-p 00017000 08:08 921324     /lib/i386-linux-gnu/libz.so.1.2.7
b74fb000-b7512000 r-xp 00000000 08:08 922569     /lib/i386-linux-gnu/libpthread-2.17.so
b7512000-b7513000 r--p 00016000 08:08 922569     /lib/i386-linux-gnu/libpthread-2.17.so
b7513000-b7514000 rw-p 00017000 08:08 922569     /lib/i386-linux-gnu/libpthread-2.17.so
b7514000-b7516000 rw-p 00000000 00:00 0 
b7516000-b7519000 r-xp 00000000 08:08 922576     /lib/i386-linux-gnu/libdl-2.17.so
b7519000-b751a000 r--p 00002000 08:08 922576     /lib/i386-linux-gnu/libdl-2.17.so
b751a000-b751b000 rw-p 00003000 08:08 922576     /lib/i386-linux-gnu/libdl-2.17.so
b751b000-b76c9000 r-xp 00000000 08:08 922571     /lib/i386-linux-gnu/libc-2.17.so
b76c9000-b76cb000 r--p 001ae000 08:08 922571     /lib/i386-linux-gnu/libc-2.17.so
b76cb000-b76cc000 rw-p 001b0000 08:08 922571     /lib/i386-linux-gnu/libc-2.17.so
b76cc000-b76cf000 rw-p 00000000 00:00 0 
b76cf000-b76d7000 rw-s 00000000 08:08 1068847    /tmp/hsperfdata_line/15809
b76d7000-b76d8000 rw-p 00000000 00:00 0 
b76d8000-b76d9000 r--p 00000000 00:00 0 
b76d9000-b76e6000 r-xp 00000000 08:08 1581823    /usr/lib/jvm/java-7-openjdk-i386/jre/lib/i386/libverify.so
b76e6000-b76e7000 r--p 0000d000 08:08 1581823    /usr/lib/jvm/java-7-openjdk-i386/jre/lib/i386/libverify.so
b76e7000-b76e8000 rw-p 0000e000 08:08 1581823    /usr/lib/jvm/java-7-openjdk-i386/jre/lib/i386/libverify.so
b76e8000-b76f5000 r-xp 00000000 08:08 1581809    /usr/lib/jvm/java-7-openjdk-i386/jre/lib/i386/jli/libjli.so
b76f5000-b76f6000 r--p 0000c000 08:08 1581809    /usr/lib/jvm/java-7-openjdk-i386/jre/lib/i386/jli/libjli.so
b76f6000-b76f7000 rw-p 0000d000 08:08 1581809    /usr/lib/jvm/java-7-openjdk-i386/jre/lib/i386/jli/libjli.so
b76f7000-b76fa000 rw-p 00000000 00:00 0 
b76fa000-b76fb000 r-xp 00000000 00:00 0          [vdso]
b76fb000-b771b000 r-xp 00000000 08:08 922572     /lib/i386-linux-gnu/ld-2.17.so
b771b000-b771c000 r--p 0001f000 08:08 922572     /lib/i386-linux-gnu/ld-2.17.so
b771c000-b771d000 rw-p 00020000 08:08 922572     /lib/i386-linux-gnu/ld-2.17.so
bfe63000-bfe84000 rw-p 00000000 00:00 0          [stack]

VM Arguments:
jvm_args: -Dfile.encoding=UTF-8 -Xbootclasspath:/home/line/android-adt/sdk/platforms/android-19/android.jar 
java_command: com.line.novel.utils.ChineaseFiguresToNum
Launcher Type: SUN_STANDARD

Environment Variables:
JAVA_HOME=/usr/lib/jdk/jdk1.7.0_25
JRE_HOME=/usr/lib/jdk/jdk1.7.0_25/jre
CLASSPATH=.::/usr/lib/jdk/jdk1.7.0_25/lib:/usr/lib/jdk/jdk1.7.0_25/jre/lib
PATH=/usr/lib/jdk/jdk1.7.0_25/bin:/usr/lib/jdk/jdk1.7.0_25/jre/bin:/home/line/play:/usr/lib/lightdm/lightdm:/usr/local/sbin:/usr/local/bin:/usr/sbin:/usr/bin:/sbin:/bin:/usr/games:/usr/local/games:/home/line/android-adt/sdk/platform-tools
LD_LIBRARY_PATH=/usr/lib/jvm/java-7-openjdk-i386/jre/lib/i386/server:/usr/lib/jvm/java-7-openjdk-i386/jre/lib/i386:/usr/lib/jvm/java-7-openjdk-i386/jre/../lib/i386:/usr/lib/jvm/java-7-openjdk-i386/jre/lib/i386/client:/usr/lib/jvm/java-7-openjdk-i386/jre/lib/i386:
SHELL=/bin/bash
DISPLAY=:0.0

Signal Handlers:
SIGSEGV: [libjvm.so+0x7e6440], sa_mask[0]=0x7ffbfeff, sa_flags=0x10000004
SIGBUS: [libjvm.so+0x7e6440], sa_mask[0]=0x7ffbfeff, sa_flags=0x10000004
SIGFPE: [libjvm.so+0x663310], sa_mask[0]=0x7ffbfeff, sa_flags=0x10000004
SIGPIPE: [libjvm.so+0x663310], sa_mask[0]=0x7ffbfeff, sa_flags=0x10000004
SIGXFSZ: [libjvm.so+0x663310], sa_mask[0]=0x7ffbfeff, sa_flags=0x10000004
SIGILL: [libjvm.so+0x663310], sa_mask[0]=0x7ffbfeff, sa_flags=0x10000004
SIGUSR1: SIG_DFL, sa_mask[0]=0x00000000, sa_flags=0x00000000
SIGUSR2: [libjvm.so+0x663450], sa_mask[0]=0x00000004, sa_flags=0x10000004
SIGHUP: SIG_DFL, sa_mask[0]=0x00000000, sa_flags=0x00000000
SIGINT: SIG_DFL, sa_mask[0]=0x00000000, sa_flags=0x00000000
SIGTERM: SIG_DFL, sa_mask[0]=0x00000000, sa_flags=0x00000000
SIGQUIT: SIG_DFL, sa_mask[0]=0x00000000, sa_flags=0x00000000


---------------  S Y S T E M  ---------------

OS:Ubuntu 13.04 (raring)
uname:Linux 3.8.0-27-generic #40-Ubuntu SMP Tue Jul 9 00:19:35 UTC 2013 i686
libc:glibc 2.17 NPTL 2.17 
rlimit: STACK 8192k, CORE 0k, NPROC 15107, NOFILE 4096, AS infinity
load average:0.57 0.36 0.34

/proc/meminfo:
MemTotal:        1950292 kB
MemFree:          122008 kB
Buffers:           11304 kB
Cached:           451528 kB
SwapCached:        89380 kB
Active:           520756 kB
Inactive:         842536 kB
Active(anon):     431104 kB
Inactive(anon):   741156 kB
Active(file):      89652 kB
Inactive(file):   101380 kB
Unevictable:          80 kB
Mlocked:              80 kB
HighTotal:       1092272 kB
HighFree:          13720 kB
LowTotal:         858020 kB
LowFree:          108288 kB
SwapTotal:       2001916 kB
SwapFree:        1373784 kB
Dirty:               296 kB
Writeback:             0 kB
AnonPages:        847356 kB
Mapped:           488224 kB
Shmem:            271444 kB
Slab:              40752 kB
SReclaimable:      18652 kB
SUnreclaim:        22100 kB
KernelStack:        4880 kB
PageTables:        16900 kB
NFS_Unstable:          0 kB
Bounce:                0 kB
WritebackTmp:          0 kB
CommitLimit:     2977060 kB
Committed_AS:    5606764 kB
VmallocTotal:     122880 kB
VmallocUsed:       17660 kB
VmallocChunk:      97652 kB
HardwareCorrupted:     0 kB
AnonHugePages:         0 kB
HugePages_Total:       0
HugePages_Free:        0
HugePages_Rsvd:        0
HugePages_Surp:        0
Hugepagesize:       2048 kB
DirectMap4k:       10232 kB
DirectMap2M:      903168 kB


CPU:total 4 (2 cores per cpu, 2 threads per core) family 6 model 42 stepping 7, cmov, cx8, fxsr, mmx, sse, sse2, sse3, ssse3, sse4.1, sse4.2, popcnt, avx, ht, tsc, tscinvbit

/proc/cpuinfo:
processor	: 0
vendor_id	: GenuineIntel
cpu family	: 6
model		: 42
model name	: Intel(R) Core(TM) i3-2350M CPU @ 2.30GHz
stepping	: 7
microcode	: 0x1b
cpu MHz		: 800.000
cache size	: 3072 KB
physical id	: 0
siblings	: 4
core id		: 0
cpu cores	: 2
apicid		: 0
initial apicid	: 0
fdiv_bug	: no
hlt_bug		: no
f00f_bug	: no
coma_bug	: no
fpu		: yes
fpu_exception	: yes
cpuid level	: 13
wp		: yes
flags		: fpu vme de pse tsc msr pae mce cx8 apic sep mtrr pge mca cmov pat pse36 clflush dts acpi mmx fxsr sse sse2 ss ht tm pbe nx rdtscp lm constant_tsc arch_perfmon pebs bts xtopology nonstop_tsc aperfmperf eagerfpu pni pclmulqdq dtes64 monitor ds_cpl vmx est tm2 ssse3 cx16 xtpr pdcm pcid sse4_1 sse4_2 x2apic popcnt tsc_deadline_timer xsave avx lahf_lm arat epb xsaveopt pln pts dtherm tpr_shadow vnmi flexpriority ept vpid
bogomips	: 4589.53
clflush size	: 64
cache_alignment	: 64
address sizes	: 36 bits physical, 48 bits virtual
power management:

processor	: 1
vendor_id	: GenuineIntel
cpu family	: 6
model		: 42
model name	: Intel(R) Core(TM) i3-2350M CPU @ 2.30GHz
stepping	: 7
microcode	: 0x1b
cpu MHz		: 1800.000
cache size	: 3072 KB
physical id	: 0
siblings	: 4
core id		: 1
cpu cores	: 2
apicid		: 2
initial apicid	: 2
fdiv_bug	: no
hlt_bug		: no
f00f_bug	: no
coma_bug	: no
fpu		: yes
fpu_exception	: yes
cpuid level	: 13
wp		: yes
flags		: fpu vme de pse tsc msr pae mce cx8 apic sep mtrr pge mca cmov pat pse36 clflush dts acpi mmx fxsr sse sse2 ss ht tm pbe nx rdtscp lm constant_tsc arch_perfmon pebs bts xtopology nonstop_tsc aperfmperf eagerfpu pni pclmulqdq dtes64 monitor ds_cpl vmx est tm2 ssse3 cx16 xtpr pdcm pcid sse4_1 sse4_2 x2apic popcnt tsc_deadline_timer xsave avx lahf_lm arat epb xsaveopt pln pts dtherm tpr_shadow vnmi flexpriority ept vpid
bogomips	: 4589.53
clflush size	: 64
cache_alignment	: 64
address sizes	: 36 bits physical, 48 bits virtual
power management:

processor	: 2
vendor_id	: GenuineIntel
cpu family	: 6
model		: 42
model name	: Intel(R) Core(TM) i3-2350M CPU @ 2.30GHz
stepping	: 7
microcode	: 0x1b
cpu MHz		: 800.000
cache size	: 3072 KB
physical id	: 0
siblings	: 4
core id		: 0
cpu cores	: 2
apicid		: 1
initial apicid	: 1
fdiv_bug	: no
hlt_bug		: no
f00f_bug	: no
coma_bug	: no
fpu		: yes
fpu_exception	: yes
cpuid level	: 13
wp		: yes
flags		: fpu vme de pse tsc msr pae mce cx8 apic sep mtrr pge mca cmov pat pse36 clflush dts acpi mmx fxsr sse sse2 ss ht tm pbe nx rdtscp lm constant_tsc arch_perfmon pebs bts xtopology nonstop_tsc aperfmperf eagerfpu pni pclmulqdq dtes64 monitor ds_cpl vmx est tm2 ssse3 cx16 xtpr pdcm pcid sse4_1 sse4_2 x2apic popcnt tsc_deadline_timer xsave avx lahf_lm arat epb xsaveopt pln pts dtherm tpr_shadow vnmi flexpriority ept vpid
bogomips	: 4589.53
clflush size	: 64
cache_alignment	: 64
address sizes	: 36 bits physical, 48 bits virtual
power management:

processor	: 3
vendor_id	: GenuineIntel
cpu family	: 6
model		: 42
model name	: Intel(R) Core(TM) i3-2350M CPU @ 2.30GHz
stepping	: 7
microcode	: 0x1b
cpu MHz		: 2300.000
cache size	: 3072 KB
physical id	: 0
siblings	: 4
core id		: 1
cpu cores	: 2
apicid		: 3
initial apicid	: 3
fdiv_bug	: no
hlt_bug		: no
f00f_bug	: no
coma_bug	: no
fpu		: yes
fpu_exception	: yes
cpuid level	: 13
wp		: yes
flags		: fpu vme de pse tsc msr pae mce cx8 apic sep mtrr pge mca cmov pat pse36 clflush dts acpi mmx fxsr sse sse2 ss ht tm pbe nx rdtscp lm constant_tsc arch_perfmon pebs bts xtopology nonstop_tsc aperfmperf eagerfpu pni pclmulqdq dtes64 monitor ds_cpl vmx est tm2 ssse3 cx16 xtpr pdcm pcid sse4_1 sse4_2 x2apic popcnt tsc_deadline_timer xsave avx lahf_lm arat epb xsaveopt pln pts dtherm tpr_shadow vnmi flexpriority ept vpid
bogomips	: 4589.53
clflush size	: 64
cache_alignment	: 64
address sizes	: 36 bits physical, 48 bits virtual
power management:



Memory: 4k page, physical 1950292k(122008k free), swap 2001916k(1373784k free)

vm_info: OpenJDK Server VM (24.45-b08) for linux-x86 JRE (1.7.0_51-b00), built on Jan 16 2014 18:19:56 by "buildd" with gcc 4.7.3

time: Mon May 19 15:54:49 2014
elapsed time: 0 seconds

